\BOOKMARK [1][-]{section.1}{\376\377\0001\000.\000\040\000I\000n\000t\000r\000o\000d\000u\000c\000t\000i\000o\000n}{}% 1
\BOOKMARK [1][-]{section.2}{\376\377\0002\000.\000\040\000C\000o\000n\000s\000t\000r\000u\000c\000t\000i\000n\000g\000\040\000t\000o\000r\000i\000c\000\040\000v\000a\000r\000i\000e\000t\000i\000e\000s}{}% 2
\BOOKMARK [2][-]{subsection.2.1}{\376\377\0002\000.\0001\000.\000\040\000D\000e\000l\000z\000a\000n\000t\000\040\000p\000o\000l\000y\000t\000o\000p\000e\000s}{section.2}% 3
\BOOKMARK [2][-]{subsection.2.2}{\376\377\0002\000.\0002\000.\000\040\000M\000o\000m\000e\000n\000t\000\040\000m\000a\000p\000s}{section.2}% 4
\BOOKMARK [2][-]{subsection.2.3}{\376\377\0002\000.\0003\000.\000\040\000S\000y\000m\000p\000l\000e\000c\000t\000i\000c\000\040\000r\000e\000d\000u\000c\000t\000i\000o\000n}{section.2}% 5
\BOOKMARK [2][-]{subsection.2.4}{\376\377\0002\000.\0004\000.\000\040\000M\000o\000n\000o\000i\000d\000\040\000a\000l\000g\000e\000b\000r\000a}{section.2}% 6
\BOOKMARK [2][-]{subsection.2.5}{\376\377\0002\000.\0005\000.\000\040\000P\000r\000o\000j\000e\000c\000t\000i\000v\000e\000\040\000G\000I\000T}{section.2}% 7
\BOOKMARK [2][-]{subsection.2.6}{\376\377\0002\000.\0006\000.\000\040\000K\000e\000m\000p\000f\000-\000N\000e\000s\000s\000\040\000t\000h\000e\000o\000r\000e\000m}{section.2}% 8
\BOOKMARK [2][-]{subsection.2.7}{\376\377\0002\000.\0007\000.\000\040\000F\000a\000n\000s\000\040\000a\000n\000d\000\040\000a\000b\000s\000t\000r\000a\000c\000t\000\040\000t\000o\000r\000i\000c\000\040\000v\000a\000r\000i\000e\000t\000i\000e\000s}{section.2}% 9
\BOOKMARK [2][-]{subsection.2.8}{\376\377\0002\000.\0008\000.\000\040\000P\000r\000e\000q\000u\000a\000n\000t\000i\000z\000a\000t\000i\000o\000n}{section.2}% 10
\BOOKMARK [1][-]{section.3}{\376\377\0003\000.\000\040\000E\000q\000u\000i\000v\000a\000r\000i\000a\000n\000t\000\040\000c\000o\000h\000o\000m\000o\000l\000o\000g\000y}{}% 11
\BOOKMARK [2][-]{subsection.3.1}{\376\377\0003\000.\0001\000.\000\040\000B\000a\000s\000i\000c\000\040\000p\000r\000o\000p\000e\000r\000t\000i\000e\000s}{section.3}% 12
\BOOKMARK [2][-]{subsection.3.2}{\376\377\0003\000.\0002\000.\000\040\000E\000x\000a\000m\000p\000l\000e\000s}{section.3}% 13
\BOOKMARK [2][-]{subsection.3.3}{\376\377\0003\000.\0003\000.\000\040\000D\000a\000n\000i\000l\000o\000v\000'\000s\000\040\000t\000h\000e\000o\000r\000e\000m}{section.3}% 14
\BOOKMARK [2][-]{subsection.3.4}{\376\377\0003\000.\0004\000.\000\040\000A\000B\000B\000V\000\040\000l\000o\000c\000a\000l\000i\000z\000a\000t\000i\000o\000n}{section.3}% 15
\BOOKMARK [2][-]{subsection.3.5}{\376\377\0003\000.\0005\000.\000\040\000P\000r\000o\000o\000f\000\040\000o\000f\000\040\000D\000a\000n\000i\000l\000o\000v\000'\000s\000\040\000t\000h\000e\000o\000r\000e\000m}{section.3}% 16
\BOOKMARK [2][-]{subsection.3.6}{\376\377\0003\000.\0006\000.\000\040\000G\000K\000M\000\040\000T\000h\000e\000o\000r\000y}{section.3}% 17
\BOOKMARK [1][-]{section.4}{\376\377\0004\000.\000\040\000S\000h\000e\000a\000f\000\040\000c\000o\000h\000o\000m\000o\000l\000o\000g\000y}{}% 18
\BOOKMARK [1][-]{section.5}{\376\377\0005\000.\000\040\000T\000o\000r\000i\000c\000\040\000d\000e\000g\000e\000n\000e\000r\000a\000t\000i\000o\000n\000s}{}% 19
\BOOKMARK [1][-]{section.6}{\376\377\0006\000.\000\040\000A\000p\000p\000e\000n\000d\000i\000x\000\040\000A\000:\000\040\000V\000e\000c\000t\000o\000r\000\040\000b\000u\000n\000d\000l\000e\000s\000\040\000a\000n\000d\000\040\000c\000o\000n\000n\000e\000c\000t\000i\000o\000n\000s}{}% 20
\BOOKMARK [2][-]{subsection.6.1}{\376\377\0006\000.\0001\000.\000\040\000P\000a\000r\000a\000l\000l\000e\000l\000\040\000t\000r\000a\000n\000s\000p\000o\000r\000t}{section.6}% 21
\BOOKMARK [2][-]{subsection.6.2}{\376\377\0006\000.\0002\000.\000\040\000C\000o\000n\000n\000e\000c\000t\000i\000o\000n\000s}{section.6}% 22
\BOOKMARK [2][-]{subsection.6.3}{\376\377\0006\000.\0003\000.\000\040\000C\000u\000r\000v\000a\000t\000u\000r\000e}{section.6}% 23
\BOOKMARK [1][-]{section*.2}{\376\377\000R\000e\000f\000e\000r\000e\000n\000c\000e\000s}{}% 24
